<?xml version="1.0" encoding="UTF-8"?>
<!-- Generated by org.testng.reporters.JUnitReportReporter -->
<testsuite hostname="IN-PG02A7W0" failures="0" tests="1" name="Com.Sample.testcases.SellerTest" time="77.056" errors="0" timestamp="2022-10-07T10:57:03 IST" skipped="0">
  <testcase classname="Com.Sample.testcases.SellerTest" name="SellerTest1" time="77.056"/>
  <system-out/>
</testsuite> <!-- Com.Sample.testcases.SellerTest -->
