<?xml version="1.0" encoding="UTF-8"?>
<!-- Generated by org.testng.reporters.JUnitReportReporter -->
<testsuite hostname="IN-PG02A7W0" failures="0" tests="2" name="Com.Sample.testcases.SearchTest" time="98.644" errors="0" timestamp="2022-10-06T14:33:17 IST" skipped="0">
  <testcase classname="Com.Sample.testcases.SearchTest" name="Search" time="34.659"/>
  <system-out/>
  <testcase classname="Com.Sample.testcases.SearchTest" name="AddToCart" time="63.985"/>
  <system-out/>
</testsuite> <!-- Com.Sample.testcases.SearchTest -->
