<?xml version="1.0" encoding="UTF-8"?>
<!-- Generated by org.testng.reporters.JUnitReportReporter -->
<testsuite hostname="IN-PG02A7W0" failures="0" tests="2" name="Com.Sample.testcases.SearchTest" time="35.236" errors="0" timestamp="2022-10-07T00:50:29 IST" skipped="0">
  <testcase classname="Com.Sample.testcases.SearchTest" name="Search" time="10.565"/>
  <system-out/>
  <testcase classname="Com.Sample.testcases.SearchTest" name="AddToCart" time="24.671"/>
  <system-out/>
</testsuite> <!-- Com.Sample.testcases.SearchTest -->
