<?xml version="1.0" encoding="UTF-8"?>
<!-- Generated by org.testng.reporters.JUnitReportReporter -->
<testsuite hostname="IN-PG02A7W0" failures="0" tests="1" name="Com.Sample.testcases.SignoutTest" time="13.301" errors="0" timestamp="2022-10-07T00:50:29 IST" skipped="0">
  <testcase classname="Com.Sample.testcases.SignoutTest" name="SignouttTest" time="13.301"/>
  <system-out/>
</testsuite> <!-- Com.Sample.testcases.SignoutTest -->
