<?xml version="1.0" encoding="UTF-8"?>
<!-- Generated by org.testng.reporters.JUnitReportReporter -->
<testsuite hostname="IN-PG02A7W0" failures="0" tests="2" name="Com.Sample.testcases.OrdersTest" time="125.446" errors="0" timestamp="2022-10-07T15:14:46 IST" skipped="0">
  <testcase classname="Com.Sample.testcases.OrdersTest" name="OrderTest" time="35.789"/>
  <system-out/>
  <testcase classname="Com.Sample.testcases.OrdersTest" name="FilterOrderTest" time="89.657"/>
  <system-out/>
</testsuite> <!-- Com.Sample.testcases.OrdersTest -->
