<?xml version="1.0" encoding="UTF-8"?>
<!-- Generated by org.testng.reporters.JUnitReportReporter -->
<testsuite hostname="IN-PG02A7W0" failures="0" tests="1" name="Com.Sample.testcases.LoginTest" time="67.877" errors="0" timestamp="2022-10-06T17:05:32 IST" skipped="0">
  <testcase classname="Com.Sample.testcases.LoginTest" name="correctemailtest" time="67.877"/>
  <system-out/>
</testsuite> <!-- Com.Sample.testcases.LoginTest -->
