<?xml version="1.0" encoding="UTF-8"?>
<!-- Generated by org.testng.reporters.JUnitReportReporter -->
<testsuite hostname="IN-PG02A7W0" failures="0" tests="1" name="Com.Sample.testcases.SuperCoinZoneTest" time="54.227" errors="0" timestamp="2022-10-06T14:33:17 IST" skipped="0">
  <testcase classname="Com.Sample.testcases.SuperCoinZoneTest" name="SuperCoinZoneTest1" time="54.227"/>
  <system-out/>
</testsuite> <!-- Com.Sample.testcases.SuperCoinZoneTest -->
