<?xml version="1.0" encoding="UTF-8"?>
<!-- Generated by org.testng.reporters.JUnitReportReporter -->
<testsuite hostname="IN-PG02A7W0" failures="0" tests="3" name="Com.Sample.testcases.FilterTest" time="82.470" errors="0" timestamp="2022-10-07T00:50:29 IST" skipped="0">
  <testcase classname="Com.Sample.testcases.FilterTest" name="Filter" time="17.644"/>
  <system-out/>
  <testcase classname="Com.Sample.testcases.FilterTest" name="FilterFewThings" time="28.380"/>
  <system-out/>
  <testcase classname="Com.Sample.testcases.FilterTest" name="DeleteFilteredThings" time="36.446"/>
  <system-out/>
</testsuite> <!-- Com.Sample.testcases.FilterTest -->
