<?xml version="1.0" encoding="UTF-8"?>
<!-- Generated by org.testng.reporters.JUnitReportReporter -->
<testsuite hostname="IN-PG02A7W0" failures="0" tests="2" name="Com.Sample.testcases.OrdersTest" time="90.333" errors="0" timestamp="2022-10-06T14:33:17 IST" skipped="0">
  <testcase classname="Com.Sample.testcases.OrdersTest" name="OrderTest" time="44.046"/>
  <system-out/>
  <testcase classname="Com.Sample.testcases.OrdersTest" name="FilterOrderTest" time="46.287"/>
  <system-out/>
</testsuite> <!-- Com.Sample.testcases.OrdersTest -->
