<?xml version="1.0" encoding="UTF-8"?>
<!-- Generated by org.testng.reporters.JUnitReportReporter -->
<testsuite hostname="IN-PG02A7W0" failures="0" tests="2" name="Com.Sample.testcases.FavoritesTest" time="51.759" errors="0" timestamp="2022-10-07T00:50:29 IST" skipped="0">
  <testcase classname="Com.Sample.testcases.FavoritesTest" name="AddToWishlist" time="26.121"/>
  <system-out/>
  <testcase classname="Com.Sample.testcases.FavoritesTest" name="DeleteFromWishlist" time="25.638"/>
  <system-out/>
</testsuite> <!-- Com.Sample.testcases.FavoritesTest -->
