<?xml version="1.0" encoding="UTF-8"?>
<!-- Generated by org.testng.reporters.JUnitReportReporter -->
<testsuite hostname="IN-PG02A7W0" failures="0" tests="2" name="Com.Sample.testcases.WishlistTest" time="87.463" errors="0" timestamp="2022-10-07T15:14:46 IST" skipped="0">
  <testcase classname="Com.Sample.testcases.WishlistTest" name="Wishlist" time="42.335"/>
  <system-out/>
  <testcase classname="Com.Sample.testcases.WishlistTest" name="DeleteWishlist" time="45.128"/>
  <system-out/>
</testsuite> <!-- Com.Sample.testcases.WishlistTest -->
