<?xml version="1.0" encoding="UTF-8"?>
<!-- Generated by org.testng.reporters.JUnitReportReporter -->
<testsuite hostname="IN-PG02A7W0" failures="0" tests="2" name="Com.Sample.testcases.OrdersTest" time="27.245" errors="0" timestamp="2022-10-07T00:50:29 IST" skipped="0">
  <testcase classname="Com.Sample.testcases.OrdersTest" name="OrderTest" time="12.793"/>
  <system-out/>
  <testcase classname="Com.Sample.testcases.OrdersTest" name="FilterOrderTest" time="14.452"/>
  <system-out/>
</testsuite> <!-- Com.Sample.testcases.OrdersTest -->
