<?xml version="1.0" encoding="UTF-8"?>
<!-- Generated by org.testng.reporters.JUnitReportReporter -->
<testsuite hostname="IN-PG02A7W0" failures="0" tests="1" name="Com.Sample.testcases.SellerTest" time="39.882" errors="0" timestamp="2022-10-06T14:33:17 IST" skipped="0">
  <testcase classname="Com.Sample.testcases.SellerTest" name="SellerTest1" time="39.882"/>
  <system-out/>
</testsuite> <!-- Com.Sample.testcases.SellerTest -->
