<?xml version="1.0" encoding="UTF-8"?>
<!-- Generated by org.testng.reporters.JUnitReportReporter -->
<testsuite hostname="IN-PG02A7W0" failures="0" tests="2" name="Com.Sample.testcases.DeleteAddressTest" time="105.239" errors="0" timestamp="2022-10-07T15:14:46 IST" skipped="0">
  <testcase classname="Com.Sample.testcases.DeleteAddressTest" name="EditAddressTest" time="53.465"/>
  <system-out/>
  <testcase classname="Com.Sample.testcases.DeleteAddressTest" name="DeleteAddressTest1" time="51.774"/>
  <system-out/>
</testsuite> <!-- Com.Sample.testcases.DeleteAddressTest -->
