<?xml version="1.0" encoding="UTF-8"?>
<!-- Generated by org.testng.reporters.JUnitReportReporter -->
<testsuite hostname="IN-PG02A7W0" failures="0" tests="2" name="Com.Sample.testcases.DeleteAddressTest" time="109.961" errors="0" timestamp="2022-10-06T14:33:17 IST" skipped="0">
  <testcase classname="Com.Sample.testcases.DeleteAddressTest" name="EditAddressTest" time="58.745"/>
  <system-out/>
  <testcase classname="Com.Sample.testcases.DeleteAddressTest" name="DeleteAddressTest1" time="51.216"/>
  <system-out/>
</testsuite> <!-- Com.Sample.testcases.DeleteAddressTest -->
