<?xml version="1.0" encoding="UTF-8"?>
<!-- Generated by org.testng.reporters.JUnitReportReporter -->
<testsuite hostname="IN-PG02A7W0" failures="0" tests="2" name="Com.Sample.testcases.SearchTest" time="94.039" errors="0" timestamp="2022-10-07T15:14:46 IST" skipped="0">
  <testcase classname="Com.Sample.testcases.SearchTest" name="Search" time="37.024"/>
  <system-out/>
  <testcase classname="Com.Sample.testcases.SearchTest" name="AddToCart" time="57.015"/>
  <system-out/>
</testsuite> <!-- Com.Sample.testcases.SearchTest -->
